0 info it worked if it ends with ok
1 verbose cli [ '/Users/cjpoll/.nvm/v0.10.36/bin/node',
1 verbose cli   '/Users/cjpoll/.nvm/v0.10.36/bin/npm',
1 verbose cli   'install',
1 verbose cli   '--save-dev',
1 verbose cli   'grunt-contrib-serve' ]
2 info using npm@1.4.28
3 info using node@v0.10.36
4 warn package.json mtgbuilder@1.0.0 No README data
5 verbose readDependencies using package.json deps
6 verbose cache add [ 'grunt-contrib-serve', null ]
7 verbose cache add name=undefined spec="grunt-contrib-serve" args=["grunt-contrib-serve",null]
8 verbose parsed url { protocol: null,
8 verbose parsed url   slashes: null,
8 verbose parsed url   auth: null,
8 verbose parsed url   host: null,
8 verbose parsed url   port: null,
8 verbose parsed url   hostname: null,
8 verbose parsed url   hash: null,
8 verbose parsed url   search: null,
8 verbose parsed url   query: null,
8 verbose parsed url   pathname: 'grunt-contrib-serve',
8 verbose parsed url   path: 'grunt-contrib-serve',
8 verbose parsed url   href: 'grunt-contrib-serve' }
9 silly lockFile ce9d0e6b-grunt-contrib-serve grunt-contrib-serve
10 verbose lock grunt-contrib-serve /Users/cjpoll/.npm/ce9d0e6b-grunt-contrib-serve.lock
11 silly lockFile ce9d0e6b-grunt-contrib-serve grunt-contrib-serve
12 silly lockFile ce9d0e6b-grunt-contrib-serve grunt-contrib-serve
13 verbose addNamed [ 'grunt-contrib-serve', '' ]
14 verbose addNamed [ null, '*' ]
15 silly lockFile ae4e90fb-grunt-contrib-serve grunt-contrib-serve@
16 verbose lock grunt-contrib-serve@ /Users/cjpoll/.npm/ae4e90fb-grunt-contrib-serve.lock
17 silly addNameRange { name: 'grunt-contrib-serve', range: '*', hasData: false }
18 verbose request where is /grunt-contrib-serve
19 verbose request registry https://registry.npmjs.org/
20 verbose request id 864103e964dbfa28
21 verbose url raw /grunt-contrib-serve
22 verbose url resolving [ 'https://registry.npmjs.org/', './grunt-contrib-serve' ]
23 verbose url resolved https://registry.npmjs.org/grunt-contrib-serve
24 verbose request where is https://registry.npmjs.org/grunt-contrib-serve
25 info trying registry request attempt 1 at 17:15:00
26 http GET https://registry.npmjs.org/grunt-contrib-serve
27 http 404 https://registry.npmjs.org/grunt-contrib-serve
28 verbose headers { date: 'Sun, 08 Mar 2015 00:15:01 GMT',
28 verbose headers   server: 'CouchDB/1.5.0 (Erlang OTP/R16B03)',
28 verbose headers   'content-type': 'application/json',
28 verbose headers   'cache-control': 'max-age=0',
28 verbose headers   'content-length': '52',
28 verbose headers   'accept-ranges': 'bytes',
28 verbose headers   via: '1.1 varnish',
28 verbose headers   age: '0',
28 verbose headers   'x-served-by': 'cache-lax1426-LAX',
28 verbose headers   'x-cache': 'MISS',
28 verbose headers   'x-cache-hits': '0',
28 verbose headers   'x-timer': 'S1425773701.123158,VS0,VE42',
28 verbose headers   'keep-alive': 'timeout=10, max=50',
28 verbose headers   connection: 'Keep-Alive' }
29 silly registry.get cb [ 404,
29 silly registry.get   { date: 'Sun, 08 Mar 2015 00:15:01 GMT',
29 silly registry.get     server: 'CouchDB/1.5.0 (Erlang OTP/R16B03)',
29 silly registry.get     'content-type': 'application/json',
29 silly registry.get     'cache-control': 'max-age=0',
29 silly registry.get     'content-length': '52',
29 silly registry.get     'accept-ranges': 'bytes',
29 silly registry.get     via: '1.1 varnish',
29 silly registry.get     age: '0',
29 silly registry.get     'x-served-by': 'cache-lax1426-LAX',
29 silly registry.get     'x-cache': 'MISS',
29 silly registry.get     'x-cache-hits': '0',
29 silly registry.get     'x-timer': 'S1425773701.123158,VS0,VE42',
29 silly registry.get     'keep-alive': 'timeout=10, max=50',
29 silly registry.get     connection: 'Keep-Alive' } ]
30 silly lockFile ae4e90fb-grunt-contrib-serve grunt-contrib-serve@
31 silly lockFile ae4e90fb-grunt-contrib-serve grunt-contrib-serve@
32 error 404 404 Not Found: grunt-contrib-serve
32 error 404
32 error 404 'grunt-contrib-serve' is not in the npm registry.
32 error 404 You should bug the author to publish it
32 error 404 It was specified as a dependency of 'mtgbuilder'
32 error 404
32 error 404 Note that you can also install from a
32 error 404 tarball, folder, or http url, or git url.
33 error System Darwin 13.4.0
34 error command "/Users/cjpoll/.nvm/v0.10.36/bin/node" "/Users/cjpoll/.nvm/v0.10.36/bin/npm" "install" "--save-dev" "grunt-contrib-serve"
35 error cwd /Users/cjpoll/developer/mtgbuilder
36 error node -v v0.10.36
37 error npm -v 1.4.28
38 error code E404
39 verbose exit [ 1, true ]
